2025-04-13 16:52:14.101 [restartedMain] INFO  c.r.d.DemoTwoApplication [] - Starting DemoTwoApplication using Java 17.0.14 with PID 19218 (/Users/summer/works/demo-two/target/classes started by summer in /Users/summer/works/demo-two)
2025-04-13 16:52:14.102 [restartedMain] INFO  c.r.d.DemoTwoApplication [] - No active profile set, falling back to 1 default profile: "default"
2025-04-13 16:52:14.417 [restartedMain] INFO  o.a.c.h.Http11NioProtocol [] - Initializing ProtocolHandler ["http-nio-8080"]
2025-04-13 16:52:14.418 [restartedMain] INFO  o.a.c.c.StandardService [] - Starting service [Tomcat]
2025-04-13 16:52:14.418 [restartedMain] INFO  o.a.c.c.StandardEngine [] - Starting Servlet engine: [Apache Tomcat/10.1.24]
2025-04-13 16:52:14.433 [restartedMain] INFO  o.a.c.c.C.[.[.[/demo] [] - Initializing Spring embedded WebApplicationContext
2025-04-13 16:52:14.566 [restartedMain] INFO  o.a.c.h.Http11NioProtocol [] - Starting ProtocolHandler ["http-nio-8080"]
2025-04-13 16:52:14.575 [restartedMain] INFO  c.r.d.DemoTwoApplication [] - Started DemoTwoApplication in 0.583 seconds (process running for 0.961)
2025-04-13 16:52:17.317 [http-nio-8080-exec-1] INFO  o.a.c.c.C.[.[.[/demo] [] - Initializing Spring DispatcherServlet 'dispatcherServlet'
2025-04-13 16:52:17.332 [http-nio-8080-exec-1] INFO  c.r.d.kj [] - getRe.....
2025-04-13 16:52:17.332 [http-nio-8080-exec-1] ERROR c.r.d.kj [] - getReerror.....
2025-04-13 16:52:17.332 [http-nio-8080-exec-1] INFO  c.r.d.kj [] - getRe.....
2025-04-13 16:52:17.332 [http-nio-8080-exec-1] ERROR c.r.d.kj [] - getReerror.....
2025-04-13 16:52:17.332 [http-nio-8080-exec-1] INFO  c.r.d.kj [] - getRe.....
2025-04-13 16:52:17.332 [http-nio-8080-exec-1] ERROR c.r.d.kj [] - getReerror.....
2025-04-13 16:52:17.332 [http-nio-8080-exec-1] INFO  c.r.d.kj [] - getRe.....
2025-04-13 16:52:17.332 [http-nio-8080-exec-1] ERROR c.r.d.kj [] - getReerror.....
2025-04-13 16:52:17.332 [http-nio-8080-exec-1] INFO  c.r.d.kj [] - getRe.....
2025-04-13 16:52:17.332 [http-nio-8080-exec-1] ERROR c.r.d.kj [] - getReerror.....
2025-04-13 16:52:17.332 [http-nio-8080-exec-1] INFO  c.r.d.kj [] - getRe.....
2025-04-13 16:52:17.332 [http-nio-8080-exec-1] ERROR c.r.d.kj [] - getReerror.....
2025-04-13 16:52:17.332 [http-nio-8080-exec-1] INFO  c.r.d.kj [] - getRe.....
2025-04-13 16:52:17.332 [http-nio-8080-exec-1] ERROR c.r.d.kj [] - getReerror.....
2025-04-13 16:52:17.332 [http-nio-8080-exec-1] INFO  c.r.d.kj [] - getRe.....
2025-04-13 16:52:17.332 [http-nio-8080-exec-1] ERROR c.r.d.kj [] - getReerror.....
2025-04-13 16:52:17.332 [http-nio-8080-exec-1] INFO  c.r.d.kj [] - getRe.....
2025-04-13 16:52:17.332 [http-nio-8080-exec-1] ERROR c.r.d.kj [] - getReerror.....
2025-04-13 16:52:17.332 [http-nio-8080-exec-1] INFO  c.r.d.kj [] - getRe.....
2025-04-13 16:52:17.332 [http-nio-8080-exec-1] ERROR c.r.d.kj [] - getReerror.....
